<?xml version="1.0" encoding="UTF-8"?>
<!-- Generated by org.testng.reporters.JUnitXMLReporter -->
<testsuite ignored="0" hostname="DESKTOP-M4630AK" failures="0" tests="3" name="ChromeTest" time="13.377" errors="0" timestamp="2025-04-30T21:14:25 IST">
  <testcase classname="day45_DataProvider.ParamTest3" name="testLogo" time="0.08"/>
  <testcase classname="day45_DataProvider.ParamTest3" name="testTitle" time="0.018"/>
  <testcase classname="day45_DataProvider.ParamTest3" name="testURL" time="0.019"/>
</testsuite> <!-- ChromeTest -->
