<?xml version="1.0" encoding="UTF-8"?>
<!-- Generated by org.testng.reporters.JUnitXMLReporter -->
<testsuite ignored="0" hostname="DESKTOP-M4630AK" failures="1" tests="3" name="TestNG" time="12.315" errors="0" timestamp="2025-04-30T21:45:05 IST">
  <testcase classname="day46_TestNG_Listeners.OrangeHRM" name="testLogo" time="0.081"/>
  <testcase classname="day46_TestNG_Listeners.OrangeHRM" name="testAppUrl" time="0.026">
    <failure type="java.lang.AssertionError" message="expected [https://opensource-demo.orangehrmlive.com/] but found [https://opensource-demo.orangehrmlive.com/web/index.php/auth/login]">
      <![CDATA[java.lang.AssertionError: expected [https://opensource-demo.orangehrmlive.com/] but found [https://opensource-demo.orangehrmlive.com/web/index.php/auth/login]
at day46_TestNG_Listeners.OrangeHRM.testAppUrl(OrangeHRM.java:35)
at java.base/java.util.ArrayList.forEach(ArrayList.java:1596)
... Removed 31 stack frames]]>
    </failure>
  </testcase> <!-- testAppUrl -->
  <testcase classname="day46_TestNG_Listeners.OrangeHRM" name="testHomePageTitle" time="0.0">
    <skipped/>
  </testcase> <!-- testHomePageTitle -->
</testsuite> <!-- TestNG -->
