<?xml version="1.0" encoding="UTF-8"?>
<!-- Generated by org.testng.reporters.JUnitXMLReporter -->
<testsuite ignored="0" hostname="DESKTOP-M4630AK" failures="0" tests="3" name="Test" time="13.779" errors="0" timestamp="2025-04-02T20:13:46 IST">
  <testcase classname="com.mavenprojecttest.AppTest" name="testLogin1" time="0.023"/>
  <testcase classname="com.mavenprojecttest.AppTest" name="testLogin2" time="0.003"/>
  <testcase classname="com.mavenprojecttest.SeleniumTest_Login" name="login_Test" time="13.669"/>
</testsuite> <!-- Test -->
