<?xml version="1.0" encoding="UTF-8"?>
<testng-results ignored="0" total="3" passed="3" failed="0" skipped="0">
  <reporter-output>
  </reporter-output>
  <suite started-at="2025-04-02T20:13:32 IST" name="Suite" finished-at="2025-04-02T20:13:46 IST" duration-ms="13779">
    <groups>
    </groups>
    <test started-at="2025-04-02T20:13:32 IST" name="Test" finished-at="2025-04-02T20:13:46 IST" duration-ms="13779">
      <class name="com.mavenprojecttest.AppTest">
        <test-method signature="testLogin1()[pri:0, instance:com.mavenprojecttest.AppTest@6dc17b83]" started-at="2025-04-02T20:13:32 IST" name="testLogin1" finished-at="2025-04-02T20:13:32 IST" duration-ms="23" status="PASS">
          <reporter-output>
          </reporter-output>
        </test-method> <!-- testLogin1 -->
        <test-method signature="testLogin2()[pri:0, instance:com.mavenprojecttest.AppTest@6dc17b83]" started-at="2025-04-02T20:13:32 IST" name="testLogin2" finished-at="2025-04-02T20:13:32 IST" duration-ms="3" status="PASS">
          <reporter-output>
          </reporter-output>
        </test-method> <!-- testLogin2 -->
      </class> <!-- com.mavenprojecttest.AppTest -->
      <class name="com.mavenprojecttest.SeleniumTest_Login">
        <test-method signature="login_Test()[pri:0, instance:com.mavenprojecttest.SeleniumTest_Login@158da8e]" started-at="2025-04-02T20:13:32 IST" name="login_Test" finished-at="2025-04-02T20:13:46 IST" duration-ms="13669" status="PASS">
          <reporter-output>
          </reporter-output>
        </test-method> <!-- login_Test -->
      </class> <!-- com.mavenprojecttest.SeleniumTest_Login -->
    </test> <!-- Test -->
  </suite> <!-- Suite -->
</testng-results>
