<?xml version="1.0" encoding="UTF-8"?>
<!-- Generated by org.testng.reporters.JUnitReportReporter -->
<testsuite hostname="DESKTOP-M4630AK" failures="0" tests="3" name="day43_TestAnnotations.C1" time="0.025" errors="0" timestamp="2025-04-28T20:51:24 IST" skipped="0">
  <testcase classname="day43_TestAnnotations.C1" name="abc" time="0.006"/>
  <testcase classname="day43_TestAnnotations.C1" name="abc" time="0.016"/>
  <testcase classname="day43_TestAnnotations.C1" name="abc" time="0.003"/>
</testsuite> <!-- day43_TestAnnotations.C1 -->
