<?xml version="1.0" encoding="UTF-8"?>
<!-- Generated by org.testng.reporters.JUnitReportReporter -->
<testsuite hostname="DESKTOP-M4630AK" failures="0" tests="4" name="day42_TestNG.OrangeHRMTest" time="14.705" errors="0" timestamp="2025-04-28T06:11:49 IST" skipped="0">
  <testcase classname="day42_TestNG.OrangeHRMTest" name="openapp" time="9.516"/>
  <testcase classname="day42_TestNG.OrangeHRMTest" name="testlogo" time="3.093"/>
  <testcase classname="day42_TestNG.OrangeHRMTest" name="testlogin" time="1.730"/>
  <testcase classname="day42_TestNG.OrangeHRMTest" name="testLogout" time="0.366"/>
</testsuite> <!-- day42_TestNG.OrangeHRMTest -->
