<?xml version="1.0" encoding="UTF-8"?>
<!-- Generated by org.testng.reporters.JUnitReportReporter -->
<testsuite hostname="DESKTOP-M4630AK" failures="0" tests="3" name="day43_TestAnnotations.C2" time="0.021" errors="0" timestamp="2025-04-28T20:51:24 IST" skipped="0">
  <testcase classname="day43_TestAnnotations.C2" name="xyz" time="0.010"/>
  <testcase classname="day43_TestAnnotations.C2" name="xyz" time="0.004"/>
  <testcase classname="day43_TestAnnotations.C2" name="xyz" time="0.007"/>
</testsuite> <!-- day43_TestAnnotations.C2 -->
