<?xml version="1.0" encoding="UTF-8"?>
<!-- Generated by org.testng.reporters.JUnitReportReporter -->
<testsuite hostname="DESKTOP-M4630AK" failures="0" tests="2" name="day43_TestAnnotations.AnnotationsDemo2" time="0.053" errors="0" timestamp="2025-04-28T06:18:05 IST" skipped="0">
  <testcase classname="day43_TestAnnotations.AnnotationsDemo2" name="search" time="0.038"/>
  <testcase classname="day43_TestAnnotations.AnnotationsDemo2" name="Advancedsearch" time="0.015"/>
</testsuite> <!-- day43_TestAnnotations.AnnotationsDemo2 -->
