<?xml version="1.0" encoding="UTF-8"?>
<!-- Generated by org.testng.reporters.JUnitReportReporter -->
<testsuite hostname="DESKTOP-M4630AK" failures="0" tests="9" name="day45_DataProvider.ParamTest2" time="0.429" errors="0" timestamp="2025-04-30T20:36:10 IST" skipped="0">
  <testcase classname="day45_DataProvider.ParamTest2" name="testLogo" time="0.086"/>
  <testcase classname="day45_DataProvider.ParamTest2" name="testLogo" time="0.141"/>
  <testcase classname="day45_DataProvider.ParamTest2" name="testLogo" time="0.073"/>
  <testcase classname="day45_DataProvider.ParamTest2" name="testTitle" time="0.018"/>
  <testcase classname="day45_DataProvider.ParamTest2" name="testTitle" time="0.029"/>
  <testcase classname="day45_DataProvider.ParamTest2" name="testTitle" time="0.024"/>
  <testcase classname="day45_DataProvider.ParamTest2" name="testURL" time="0.010"/>
  <testcase classname="day45_DataProvider.ParamTest2" name="testURL" time="0.027"/>
  <testcase classname="day45_DataProvider.ParamTest2" name="testURL" time="0.021"/>
</testsuite> <!-- day45_DataProvider.ParamTest2 -->
