<?xml version="1.0" encoding="UTF-8"?>
<!-- Generated by org.testng.reporters.JUnitReportReporter -->
<testsuite hostname="DESKTOP-M4630AK" failures="0" tests="3" name="day44_Grouping.LoginTests" time="0.030" errors="0" timestamp="2025-04-28T21:33:55 IST" skipped="0">
  <testcase classname="day44_Grouping.LoginTests" name="loginByEmail" time="0.018"/>
  <testcase classname="day44_Grouping.LoginTests" name="loginByFacebook" time="0.004"/>
  <testcase classname="day44_Grouping.LoginTests" name="loginByTwitter" time="0.008"/>
</testsuite> <!-- day44_Grouping.LoginTests -->
