<?xml version="1.0" encoding="UTF-8"?>
<!-- Generated by org.testng.reporters.JUnitReportReporter -->
<testsuite hostname="DESKTOP-M4630AK" failures="0" tests="6" name="day45_DataProvider.ParamTest3" time="0.201" errors="0" timestamp="2025-04-30T21:14:38 IST" skipped="0">
  <testcase classname="day45_DataProvider.ParamTest3" name="testLogo" time="0.052"/>
  <testcase classname="day45_DataProvider.ParamTest3" name="testLogo" time="0.080"/>
  <testcase classname="day45_DataProvider.ParamTest3" name="testTitle" time="0.017"/>
  <testcase classname="day45_DataProvider.ParamTest3" name="testTitle" time="0.018"/>
  <testcase classname="day45_DataProvider.ParamTest3" name="testURL" time="0.019"/>
  <testcase classname="day45_DataProvider.ParamTest3" name="testURL" time="0.015"/>
</testsuite> <!-- day45_DataProvider.ParamTest3 -->
