<?xml version="1.0" encoding="UTF-8"?>
<!-- Generated by org.testng.reporters.JUnitReportReporter -->
<testsuite hostname="DESKTOP-M4630AK" failures="0" tests="2" name="day44_Grouping.PaymentTests" time="0.010" errors="0" timestamp="2025-04-28T21:33:55 IST" skipped="0">
  <testcase classname="day44_Grouping.PaymentTests" name="paymentinRupees" time="0.003"/>
  <testcase classname="day44_Grouping.PaymentTests" name="paymentinDollars" time="0.007"/>
</testsuite> <!-- day44_Grouping.PaymentTests -->
