<?xml version="1.0" encoding="UTF-8"?>
<!-- Generated by org.testng.reporters.JUnitReportReporter -->
<testsuite hostname="DESKTOP-M4630AK" failures="0" tests="3" name="day44_Grouping.SignupTests" time="0.010" errors="0" timestamp="2025-04-28T21:30:48 IST" skipped="0">
  <testcase classname="day44_Grouping.SignupTests" name="signupByEmail" time="0.004"/>
  <testcase classname="day44_Grouping.SignupTests" name="signupByFacebook" time="0.004"/>
  <testcase classname="day44_Grouping.SignupTests" name="signupByTwitter" time="0.002"/>
</testsuite> <!-- day44_Grouping.SignupTests -->
