<?xml version="1.0" encoding="UTF-8"?>
<!-- Generated by org.testng.reporters.JUnitReportReporter -->
<testsuite hostname="DESKTOP-M4630AK" failures="0" tests="2" name="day43_TestAnnotations.AllAnnotations" time="0.028" errors="0" timestamp="2025-04-28T20:55:53 IST" skipped="0">
  <testcase classname="day43_TestAnnotations.AllAnnotations" name="tm1" time="0.019"/>
  <testcase classname="day43_TestAnnotations.AllAnnotations" name="tm2" time="0.009"/>
</testsuite> <!-- day43_TestAnnotations.AllAnnotations -->
