<?xml version="1.0" encoding="UTF-8"?>
<!-- Generated by org.testng.reporters.JUnitReportReporter -->
<testsuite hostname="DESKTOP-M4630AK" failures="0" tests="3" name="day42_TestNG.SecondTestClass" time="0.026" errors="0" timestamp="2025-04-28T06:11:49 IST" skipped="0">
  <testcase classname="day42_TestNG.SecondTestClass" name="logout" time="0.007"/>
  <testcase classname="day42_TestNG.SecondTestClass" name="openApp" time="0.008"/>
  <testcase classname="day42_TestNG.SecondTestClass" name="login" time="0.011"/>
</testsuite> <!-- day42_TestNG.SecondTestClass -->
