<?xml version="1.0" encoding="UTF-8"?>
<!-- Generated by org.testng.reporters.JUnitReportReporter -->
<testsuite hostname="DESKTOP-M4630AK" failures="0" tests="3" name="day43_TestAnnotations.C3" time="0.020" errors="0" timestamp="2025-04-28T20:51:24 IST" skipped="0">
  <testcase classname="day43_TestAnnotations.C3" name="pqr" time="0.002"/>
  <testcase classname="day43_TestAnnotations.C3" name="pqr" time="0.007"/>
  <testcase classname="day43_TestAnnotations.C3" name="pqr" time="0.011"/>
</testsuite> <!-- day43_TestAnnotations.C3 -->
