<?xml version="1.0" encoding="UTF-8"?>
<!-- Generated by org.testng.reporters.JUnitXMLReporter -->
<testsuite ignored="3" hostname="DESKTOP-M4630AK" failures="0" tests="5" name="GroupingTest" time="0.163" errors="0" timestamp="2025-04-28T21:33:55 IST">
  <testcase classname="day44_Grouping.LoginTests" name="loginByEmail" time="0.018"/>
  <testcase classname="day44_Grouping.LoginTests" name="loginByFacebook" time="0.004"/>
  <testcase classname="day44_Grouping.LoginTests" name="loginByTwitter" time="0.008"/>
  <testcase classname="day44_Grouping.PaymentTests" name="paymentinRupees" time="0.003"/>
  <testcase classname="day44_Grouping.PaymentTests" name="paymentinDollars" time="0.007"/>
  <testcase classname="day44_Grouping.SignupTests" name="signupByFacebook" time="0.0">
    <ignored/>
  </testcase> <!-- signupByFacebook -->
  <testcase classname="day44_Grouping.SignupTests" name="signupByEmail" time="0.0">
    <ignored/>
  </testcase> <!-- signupByEmail -->
  <testcase classname="day44_Grouping.SignupTests" name="signupByTwitter" time="0.0">
    <ignored/>
  </testcase> <!-- signupByTwitter -->
</testsuite> <!-- GroupingTest -->
